<?xml version="1.0" encoding="UTF-8"?>
<!-- Generated by org.testng.reporters.JUnitReportReporter -->
<testsuite hostname="mac" failures="0" tests="1" name="masai_evaluation.tests.DataDrivenTest" time="9.574" errors="0" timestamp="2025-03-03T19:53:23 IST" skipped="0">
  <testcase classname="masai_evaluation.tests.DataDrivenTest" name="test1" time="9.574"/>
</testsuite> <!-- masai_evaluation.tests.DataDrivenTest -->
