<?xml version="1.0" encoding="UTF-8"?>
<!-- Generated by org.testng.reporters.JUnitReportReporter -->
<testsuite hostname="mac" failures="0" tests="1" name="com.demoblaze.testCases.Search" time="1.479" errors="0" timestamp="2025-03-01T16:12:42 IST" skipped="0">
  <testcase classname="com.demoblaze.testCases.Search" name="verifySearchWithValidProduct" time="1.479"/>
</testsuite> <!-- com.demoblaze.testCases.Search -->
