<?xml version="1.0" encoding="UTF-8"?>
<!-- Generated by org.testng.reporters.JUnitReportReporter -->
<testsuite hostname="mac" failures="0" tests="1" name="com.demoblaze.testCases.Login" time="8.015" errors="0" timestamp="2025-03-02T03:33:19 IST" skipped="0">
  <testcase classname="com.demoblaze.testCases.Login" name="verifyLoginWithInvalidPassword" time="8.015"/>
</testsuite> <!-- com.demoblaze.testCases.Login -->
